<?xml version="1.0" encoding="UTF-8"?>
<!-- Generated by org.testng.reporters.JUnitReportReporter -->
<testsuite hostname="Boluwatifes-MBP.lan" failures="0" tests="1" name="Test02_POST" time="2.784" errors="0" timestamp="2022-12-19T23:05:19 WAT" skipped="0">
  <testcase classname="Test02_POST" name="test_04_delete" time="2.784"/>
  <system-out/>
</testsuite> <!-- Test02_POST -->
