<?xml version="1.0" encoding="UTF-8"?>
<!-- Generated by org.testng.reporters.JUnitReportReporter -->
<testsuite hostname="Boluwatifes-MBP.lan" failures="0" tests="2" name="DataDrivenExamples" time="2.553" errors="0" timestamp="2022-12-20T13:34:20 WAT" skipped="0">
  <testcase classname="DataDrivenExamples" name="data_for_delete" time="2.510"/>
  <system-out/>
  <testcase classname="DataDrivenExamples" name="data_for_delete" time="0.043"/>
  <system-out/>
</testsuite> <!-- DataDrivenExamples -->
