<?xml version="1.0" encoding="UTF-8"?>
<!-- Generated by org.testng.reporters.JUnitReportReporter -->
<testsuite hostname="Boluwatifes-MBP.lan" failures="0" tests="1" name="Test01_GET" time="3.418" errors="0" timestamp="2022-12-19T21:29:32 WAT" skipped="0">
  <testcase classname="Test01_GET" name="test_02" time="3.418"/>
  <system-out/>
</testsuite> <!-- Test01_GET -->
